<?xml version="1.0" encoding="UTF-8"?>
<testsuite xmlns:xsi="http://www.w3.org/2001/XMLSchema-instance" xsi:schemaLocation="https://maven.apache.org/surefire/maven-surefire-plugin/xsd/surefire-test-report.xsd" name="org.kohsuke.github.CommitTest" time="0.016" tests="6" errors="6" skipped="0" failures="0">
    <properties>
[...]
</properties>
    <testcase name="listFiles" classname="org.kohsuke.github.CommitTest" time="0">
        <error message="{&quot;message&quot;:&quot;Bad credentials&quot;,&quot;documentation_url&quot;:&quot;https://developer.github.com/v3&quot;}" type="org.kohsuke.github.HttpException">org.kohsuke.github.HttpException: {"message":"Bad credentials","documentation_url":"https://developer.github.com/v3"}
            at org.kohsuke.github.CommitTest.listFiles(CommitTest.java:20)
            Caused by: org.kohsuke.github.HttpException: Server returned HTTP response code: 401, message: 'Unauthorized' for URL: https://api.github.com/repos/stapler/stapler
            at org.kohsuke.github.CommitTest.listFiles(CommitTest.java:20)
            Caused by: java.io.IOException: Server returned HTTP response code: 401 for URL: https://api.github.com/repos/stapler/stapler
            at org.kohsuke.github.CommitTest.listFiles(CommitTest.java:20)
            Caused by: java.io.IOException: Server returned HTTP response code: 401 for URL: https://api.github.com/repos/stapler/stapler
            at org.kohsuke.github.CommitTest.listFiles(CommitTest.java:20)
        </error>
        <rerunError message="{&quot;message&quot;:&quot;Bad credentials&quot;,&quot;documentation_url&quot;:&quot;https://developer.github.com/v3&quot;}" type="org.kohsuke.github.HttpException">org.kohsuke.github.HttpException: {"message":"Bad credentials","documentation_url":"https://developer.github.com/v3"}
            at org.kohsuke.github.CommitTest.listFiles(CommitTest.java:20)
            Caused by: org.kohsuke.github.HttpException: Server returned HTTP response code: 401, message: 'Unauthorized' for URL: https://api.github.com/repos/stapler/stapler
            at org.kohsuke.github.CommitTest.listFiles(CommitTest.java:20)
            Caused by: java.io.IOException: Server returned HTTP response code: 401 for URL: https://api.github.com/repos/stapler/stapler
            at org.kohsuke.github.CommitTest.listFiles(CommitTest.java:20)
            Caused by: java.io.IOException: Server returned HTTP response code: 401 for URL: https://api.github.com/repos/stapler/stapler
            at org.kohsuke.github.CommitTest.listFiles(CommitTest.java:20)
        </rerunError>
        <rerunError message="{&quot;message&quot;:&quot;Bad credentials&quot;,&quot;documentation_url&quot;:&quot;https://developer.github.com/v3&quot;}" type="org.kohsuke.github.HttpException">org.kohsuke.github.HttpException: {"message":"Bad credentials","documentation_url":"https://developer.github.com/v3"}
            at org.kohsuke.github.CommitTest.listFiles(CommitTest.java:20)
            Caused by: org.kohsuke.github.HttpException: Server returned HTTP response code: 401, message: 'Unauthorized' for URL: https://api.github.com/repos/stapler/stapler
            at org.kohsuke.github.CommitTest.listFiles(CommitTest.java:20)
            Caused by: java.io.IOException: Server returned HTTP response code: 401 for URL: https://api.github.com/repos/stapler/stapler
            at org.kohsuke.github.CommitTest.listFiles(CommitTest.java:20)
            Caused by: java.io.IOException: Server returned HTTP response code: 401 for URL: https://api.github.com/repos/stapler/stapler
            at org.kohsuke.github.CommitTest.listFiles(CommitTest.java:20)
        </rerunError>
    </testcase>
    <testcase name="lastStatus" classname="org.kohsuke.github.CommitTest" time="0">
        <error message="{&quot;message&quot;:&quot;Bad credentials&quot;,&quot;documentation_url&quot;:&quot;https://developer.github.com/v3&quot;}" type="org.kohsuke.github.HttpException">org.kohsuke.github.HttpException: {"message":"Bad credentials","documentation_url":"https://developer.github.com/v3"}
            at org.kohsuke.github.CommitTest.lastStatus(CommitTest.java:14)
            Caused by: org.kohsuke.github.HttpException: Server returned HTTP response code: 401, message: 'Unauthorized' for URL: https://api.github.com/repos/stapler/stapler
            at org.kohsuke.github.CommitTest.lastStatus(CommitTest.java:14)
            Caused by: java.io.IOException: Server returned HTTP response code: 401 for URL: https://api.github.com/repos/stapler/stapler
            at org.kohsuke.github.CommitTest.lastStatus(CommitTest.java:14)
            Caused by: java.io.IOException: Server returned HTTP response code: 401 for URL: https://api.github.com/repos/stapler/stapler
            at org.kohsuke.github.CommitTest.lastStatus(CommitTest.java:14)
        </error>
        <rerunError message="{&quot;message&quot;:&quot;Bad credentials&quot;,&quot;documentation_url&quot;:&quot;https://developer.github.com/v3&quot;}" type="org.kohsuke.github.HttpException">org.kohsuke.github.HttpException: {"message":"Bad credentials","documentation_url":"https://developer.github.com/v3"}
            at org.kohsuke.github.CommitTest.lastStatus(CommitTest.java:14)
            Caused by: org.kohsuke.github.HttpException: Server returned HTTP response code: 401, message: 'Unauthorized' for URL: https://api.github.com/repos/stapler/stapler
            at org.kohsuke.github.CommitTest.lastStatus(CommitTest.java:14)
            Caused by: java.io.IOException: Server returned HTTP response code: 401 for URL: https://api.github.com/repos/stapler/stapler
            at org.kohsuke.github.CommitTest.lastStatus(CommitTest.java:14)
            Caused by: java.io.IOException: Server returned HTTP response code: 401 for URL: https://api.github.com/repos/stapler/stapler
            at org.kohsuke.github.CommitTest.lastStatus(CommitTest.java:14)
        </rerunError>
        <rerunError message="{&quot;message&quot;:&quot;Bad credentials&quot;,&quot;documentation_url&quot;:&quot;https://developer.github.com/v3&quot;}" type="org.kohsuke.github.HttpException">org.kohsuke.github.HttpException: {"message":"Bad credentials","documentation_url":"https://developer.github.com/v3"}
            at org.kohsuke.github.CommitTest.lastStatus(CommitTest.java:14)
            Caused by: org.kohsuke.github.HttpException: Server returned HTTP response code: 401, message: 'Unauthorized' for URL: https://api.github.com/repos/stapler/stapler
            at org.kohsuke.github.CommitTest.lastStatus(CommitTest.java:14)
            Caused by: java.io.IOException: Server returned HTTP response code: 401 for URL: https://api.github.com/repos/stapler/stapler
            at org.kohsuke.github.CommitTest.lastStatus(CommitTest.java:14)
            Caused by: java.io.IOException: Server returned HTTP response code: 401 for URL: https://api.github.com/repos/stapler/stapler
            at org.kohsuke.github.CommitTest.lastStatus(CommitTest.java:14)
        </rerunError>
    </testcase>
</testsuite>