<?xml version="1.0" encoding="UTF-8" ?>
<testsuite tests="120" failures="0" name="com.google.gson.stream.JsonReaderTest" time="0.034" errors="0" skipped="0">
  <properties>
[...]
</properties>
  <testcase classname="com.google.gson.stream.JsonReaderTest" name="testIntegerMismatchFailuresDoNotAdvance" time="0.001"/>
  <testcase classname="com.google.gson.stream.JsonReaderTest" name="testTopLevelValueTypeWithSkipValue" time="0"/>
  <testcase classname="com.google.gson.stream.JsonReaderTest" name="testVeryLongUnquotedLiteral" time="0.001"/>
  <testcase classname="com.google.gson.stream.JsonReaderTest" name="testStrictCommentsWithSkipValue" time="0"/>
  <testcase classname="com.google.gson.stream.JsonReaderTest" name="testStrictVeryLongNumber" time="0.001"/>
  <testcase classname="com.google.gson.stream.JsonReaderTest" name="testStrictMultipleTopLevelValues" time="0"/>
  <testcase classname="com.google.gson.stream.JsonReaderTest" name="testUnescapingTruncatedSequence" time="0"/>
  <testcase classname="com.google.gson.stream.JsonReaderTest" name="testLenientMultipleTopLevelValues" time="0"/>
  <testcase classname="com.google.gson.stream.JsonReaderTest" name="testStrictSemicolonDelimitedNameValuePairWithSkipValue" time="0.001"/>
  <testcase classname="com.google.gson.stream.JsonReaderTest" name="testSkipVeryLongUnquotedString" time="0"/>
  <testcase classname="com.google.gson.stream.JsonReaderTest" name="testLenientSingleQuotedStrings" time="0.001"/>
  <testcase classname="com.google.gson.stream.JsonReaderTest" name="testBooleans" time="0"/>
  <testcase classname="com.google.gson.stream.JsonReaderTest" name="testSkipArray" time="0"/>
  <testcase classname="com.google.gson.stream.JsonReaderTest" name="testBomIgnoredAsFirstCharacterOfDocument" time="0"/>
  <testcase classname="com.google.gson.stream.JsonReaderTest" name="testUnterminatedStringFailure" time="0"/>
  <testcase classname="com.google.gson.stream.JsonReaderTest" name="testDeeplyNestedArrays" time="0.001"/>
  <testcase classname="com.google.gson.stream.JsonReaderTest" name="testBomForbiddenAsOtherCharacterInDocument" time="0"/>
  <testcase classname="com.google.gson.stream.JsonReaderTest" name="testReadEmptyArray" time="0"/>
  <testcase classname="com.google.gson.stream.JsonReaderTest" name="testStrictNonFiniteDoublesWithSkipValue" time="0.001"/>
  <testcase classname="com.google.gson.stream.JsonReaderTest" name="testReadObject" time="0"/>
  <testcase classname="com.google.gson.stream.JsonReaderTest" name="testPrematureEndOfInput" time="0.001"/>
  <testcase classname="com.google.gson.stream.JsonReaderTest" name="testNullLiteralIsNotAString" time="0.001"/>
  <testcase classname="com.google.gson.stream.JsonReaderTest" name="testLongs" time="0.004"/>
  <testcase classname="com.google.gson.stream.JsonReaderTest" name="testNulls" time="0"/>
  <testcase classname="com.google.gson.stream.JsonReaderTest" name="testPeekingUnquotedStringsPrefixedWithBooleans" time="0"/>
  <testcase classname="com.google.gson.stream.JsonReaderTest" name="testMixedCaseLiterals" time="0"/>
  <testcase classname="com.google.gson.stream.JsonReaderTest" name="testLenientNonExecutePrefixWithLeadingWhitespace" time="0"/>
  <testcase classname="com.google.gson.stream.JsonReaderTest" name="testLongLargerThanMaxLongThatWrapsAround" time="0.001"/>
  <testcase classname="com.google.gson.stream.JsonReaderTest" name="testFailWithPosition" time="0"/>
  <testcase classname="com.google.gson.stream.JsonReaderTest" name="testStrictUnquotedStringsWithSkipValue" time="0"/>
  <testcase classname="com.google.gson.stream.JsonReaderTest" name="testStrictNameValueSeparatorWithSkipValue" time="0"/>
  <testcase classname="com.google.gson.stream.JsonReaderTest" name="testStrictMultipleTopLevelValuesWithSkipValue" time="0"/>
  <testcase classname="com.google.gson.stream.JsonReaderTest" name="testLenientSemicolonDelimitedArray" time="0"/>
  <testcase classname="com.google.gson.stream.JsonReaderTest" name="testSkipDouble" time="0"/>
  <testcase classname="com.google.gson.stream.JsonReaderTest" name="testLenientUnquotedNames" time="0"/>
  <testcase classname="com.google.gson.stream.JsonReaderTest" name="testMalformedNumbers" time="0.001"/>
  <testcase classname="com.google.gson.stream.JsonReaderTest" name="testLenientSingleQuotedNames" time="0"/>
  <testcase classname="com.google.gson.stream.JsonReaderTest" name="testSkipObject" time="0"/>
  <testcase classname="com.google.gson.stream.JsonReaderTest" name="testLenientExtraCommasInMaps" time="0"/>
  <testcase classname="com.google.gson.stream.JsonReaderTest" name="testTopLevelValueTypes" time="0"/>
  <testcase classname="com.google.gson.stream.JsonReaderTest" name="testPeekLongMinValue" time="0"/>
  <testcase classname="com.google.gson.stream.JsonReaderTest" name="testStringWithLeadingSlash" time="0.001"/>
  <testcase classname="com.google.gson.stream.JsonReaderTest" name="testUnescapingInvalidCharacters" time="0"/>
  <testcase classname="com.google.gson.stream.JsonReaderTest" name="testPeekMuchLargerThanLongMinValue" time="0"/>
  <testcase classname="com.google.gson.stream.JsonReaderTest" name="testStringNullIsNotNull" time="0"/>
  <testcase classname="com.google.gson.stream.JsonReaderTest" name="testCommentsInStringValue" time="0"/>
  <testcase classname="com.google.gson.stream.JsonReaderTest" name="testStringAsNumberWithDigitAndNonDigitExponent" time="0.001"/>
  <testcase classname="com.google.gson.stream.JsonReaderTest" name="testSkipObjectAfterPeek" time="0"/>
  <testcase classname="com.google.gson.stream.JsonReaderTest" name="testEmptyStringName" time="0"/>
  <testcase classname="com.google.gson.stream.JsonReaderTest" name="testReadArray" time="0"/>
  <testcase classname="com.google.gson.stream.JsonReaderTest" name="testFailWithPositionOverUnquotedString" time="0"/>
  <testcase classname="com.google.gson.stream.JsonReaderTest" name="testLenientPartialNonExecutePrefix" time="0"/>
  <testcase classname="com.google.gson.stream.JsonReaderTest" name="testFailWithPositionOverSlashSlashEndOfLineComment" time="0.001"/>
  <testcase classname="com.google.gson.stream.JsonReaderTest" name="testStringAsNumberWithNonDigitExponent" time="0"/>
  <testcase classname="com.google.gson.stream.JsonReaderTest" name="testStrictUnnecessaryArraySeparatorsWithSkipValue" time="0"/>
  <testcase classname="com.google.gson.stream.JsonReaderTest" name="testStringAsNumberWithTruncatedExponent" time="0"/>
  <testcase classname="com.google.gson.stream.JsonReaderTest" name="testSkipInteger" time="0"/>
  <testcase classname="com.google.gson.stream.JsonReaderTest" name="testStrictSemicolonDelimitedArrayWithSkipValue" time="0"/>
  <testcase classname="com.google.gson.stream.JsonReaderTest" name="testFailWithPositionGreaterThanBufferSize" time="0.001"/>
  <testcase classname="com.google.gson.stream.JsonReaderTest" name="testSkipTopLevelQuotedString" time="0"/>
  <testcase classname="com.google.gson.stream.JsonReaderTest" name="testMissingValue" time="0"/>
  <testcase classname="com.google.gson.stream.JsonReaderTest" name="testUnterminatedObject" time="0"/>
  <testcase classname="com.google.gson.stream.JsonReaderTest" name="testVeryLongQuotedString" time="0.002"/>
  <testcase classname="com.google.gson.stream.JsonReaderTest" name="testFailWithPositionDeepPath" time="0"/>
  <testcase classname="com.google.gson.stream.JsonReaderTest" name="testStrictSingleQuotedNames" time="0"/>
  <testcase classname="com.google.gson.stream.JsonReaderTest" name="testLenientUnquotedStrings" time="0"/>
  <testcase classname="com.google.gson.stream.JsonReaderTest" name="testStrictSingleQuotedNamesWithSkipValue" time="0"/>
  <testcase classname="com.google.gson.stream.JsonReaderTest" name="testStrictUnnecessaryArraySeparators" time="0"/>
  <testcase classname="com.google.gson.stream.JsonReaderTest" name="testVeryLongUnquotedString" time="0.002"/>
  <testcase classname="com.google.gson.stream.JsonReaderTest" name="testStrictExtraCommasInMaps" time="0"/>
  <testcase classname="com.google.gson.stream.JsonReaderTest" name="testSkipArrayAfterPeek" time="0"/>
  <testcase classname="com.google.gson.stream.JsonReaderTest" name="testDeeplyNestedObjects" time="0"/>
  <testcase classname="com.google.gson.stream.JsonReaderTest" name="testLenientNonExecutePrefix" time="0"/>
  <testcase classname="com.google.gson.stream.JsonReaderTest" name="testLenientUnnecessaryArraySeparators" time="0"/>
  <testcase classname="com.google.gson.stream.JsonReaderTest" name="testCharacterUnescaping" time="0"/>
  <testcase classname="com.google.gson.stream.JsonReaderTest" name="testNextFailuresDoNotAdvance" time="0.001"/>
  <testcase classname="com.google.gson.stream.JsonReaderTest" name="testLongLargerThanMinLongThatWrapsAround" time="0"/>
  <testcase classname="com.google.gson.stream.JsonReaderTest" name="testReadEmptyObject" time="0"/>
  <testcase classname="com.google.gson.stream.JsonReaderTest" name="testMalformedDocuments" time="0.001"/>
  <testcase classname="com.google.gson.stream.JsonReaderTest" name="testUnescapingTruncatedCharacters" time="0"/>
  <testcase classname="com.google.gson.stream.JsonReaderTest" name="testLenientSemicolonDelimitedNameValuePair" time="0.001"/>
  <testcase classname="com.google.gson.stream.JsonReaderTest" name="testSkipTopLevelObject" time="0"/>
  <testcase classname="com.google.gson.stream.JsonReaderTest" name="testEmptyString" time="0"/>
  <testcase classname="com.google.gson.stream.JsonReaderTest" name="testStrictSemicolonDelimitedArray" time="0"/>
  <testcase classname="com.google.gson.stream.JsonReaderTest" name="testStrictSemicolonDelimitedNameValuePair" time="0"/>
  <testcase classname="com.google.gson.stream.JsonReaderTest" name="testStrictSingleQuotedStringsWithSkipValue" time="0"/>
  <testcase classname="com.google.gson.stream.JsonReaderTest" name="testDocumentWithCommentEndingInSlash" time="0"/>
  <testcase classname="com.google.gson.stream.JsonReaderTest" name="testIntegersWithFractionalPartSpecified" time="0"/>
  <testcase classname="com.google.gson.stream.JsonReaderTest" name="testStrictNonExecutePrefixWithSkipValue" time="0"/>
  <testcase classname="com.google.gson.stream.JsonReaderTest" name="testLenientNonFiniteDoubles" time="0.001"/>
  <testcase classname="com.google.gson.stream.JsonReaderTest" name="testStrictUnquotedStrings" time="0"/>
  <testcase classname="com.google.gson.stream.JsonReaderTest" name="testFailWithEscapedNewlineCharacter" time="0"/>
  <testcase classname="com.google.gson.stream.JsonReaderTest" name="testSkipVeryLongQuotedString" time="0"/>
  <testcase classname="com.google.gson.stream.JsonReaderTest" name="testLenientVeryLongNumber" time="0.001"/>
  <testcase classname="com.google.gson.stream.JsonReaderTest" name="testPeekLongMaxValue" time="0"/>
  <testcase classname="com.google.gson.stream.JsonReaderTest" name="testStrictComments" time="0"/>
  <testcase classname="com.google.gson.stream.JsonReaderTest" name="testStringEndingInSlash" time="0"/>
  <testcase classname="com.google.gson.stream.JsonReaderTest" name="testStrictUnquotedNamesWithSkipValue" time="0"/>
  <testcase classname="com.google.gson.stream.JsonReaderTest" name="testQuotedNumberWithEscape" time="0"/>
  <testcase classname="com.google.gson.stream.JsonReaderTest" name="testPrematurelyClosed" time="0"/>
  <testcase classname="com.google.gson.stream.JsonReaderTest" name="testSkipTopLevelUnquotedString" time="0.001"/>
  <testcase classname="com.google.gson.stream.JsonReaderTest" name="testStrictNonExecutePrefix" time="0"/>
  <testcase classname="com.google.gson.stream.JsonReaderTest" name="testInvalidJsonInput" time="0"/>
  <testcase classname="com.google.gson.stream.JsonReaderTest" name="testVeryLongUnterminatedString" time="0.003"/>
  <testcase classname="com.google.gson.stream.JsonReaderTest" name="testNegativeZero" time="0"/>
  <testcase classname="com.google.gson.stream.JsonReaderTest" name="testDoubles" time="0"/>
  <testcase classname="com.google.gson.stream.JsonReaderTest" name="testStrictNameValueSeparator" time="0"/>
  <testcase classname="com.google.gson.stream.JsonReaderTest" name="testFailWithPositionOverQuotedString" time="0"/>
  <testcase classname="com.google.gson.stream.JsonReaderTest" name="testStrictUnquotedNames" time="0"/>
  <testcase classname="com.google.gson.stream.JsonReaderTest" name="testLenientComments" time="0"/>
  <testcase classname="com.google.gson.stream.JsonReaderTest" name="testPeekingUnquotedStringsPrefixedWithIntegers" time="0"/>
  <testcase classname="com.google.gson.stream.JsonReaderTest" name="testFailWithPositionOverCStyleComment" time="0"/>
  <testcase classname="com.google.gson.stream.JsonReaderTest" name="testStrictSingleQuotedStrings" time="0"/>
  <testcase classname="com.google.gson.stream.JsonReaderTest" name="testFailWithPositionOverHashEndOfLineComment" time="0"/>
  <testcase classname="com.google.gson.stream.JsonReaderTest" name="testStrictQuotedNonFiniteDoubles" time="0.002"/>
  <testcase classname="com.google.gson.stream.JsonReaderTest" name="testLenientQuotedNonFiniteDoubles" time="0"/>
  <testcase classname="com.google.gson.stream.JsonReaderTest" name="testFailWithPositionIsOffsetByBom" time="0"/>
  <testcase classname="com.google.gson.stream.JsonReaderTest" name="testHelloWorld" time="0"/>
  <testcase classname="com.google.gson.stream.JsonReaderTest" name="testLenientNameValueSeparator" time="0"/>
  <testcase classname="com.google.gson.stream.JsonReaderTest" name="testStrictNonFiniteDoubles" time="0"/>
</testsuite>