<?xml version="1.0" encoding="UTF-8" ?>
<testsuite tests="39" failures="0" name="com.google.gson.stream.JsonWriterTest" time="0.004" errors="0" skipped="0">
  <properties>
[...]
</properties>
  <testcase classname="com.google.gson.stream.JsonWriterTest" name="testEmptyArray" time="0"/>
  <testcase classname="com.google.gson.stream.JsonWriterTest" name="testTwoNames" time="0"/>
  <testcase classname="com.google.gson.stream.JsonWriterTest" name="testNameWithoutValue" time="0"/>
  <testcase classname="com.google.gson.stream.JsonWriterTest" name="testBooleans" time="0"/>
  <testcase classname="com.google.gson.stream.JsonWriterTest" name="testBoxedBooleans" time="0"/>
  <testcase classname="com.google.gson.stream.JsonWriterTest" name="testInvalidTopLevelTypes" time="0"/>
  <testcase classname="com.google.gson.stream.JsonWriterTest" name="testNullStringValue" time="0"/>
  <testcase classname="com.google.gson.stream.JsonWriterTest" name="testDeepNestingArrays" time="0"/>
  <testcase classname="com.google.gson.stream.JsonWriterTest" name="testLongs" time="0"/>
  <testcase classname="com.google.gson.stream.JsonWriterTest" name="testNulls" time="0"/>
  <testcase classname="com.google.gson.stream.JsonWriterTest" name="testNullName" time="0.001"/>
  <testcase classname="com.google.gson.stream.JsonWriterTest" name="testArraysInObjects" time="0"/>
  <testcase classname="com.google.gson.stream.JsonWriterTest" name="testNonFiniteDoublesWhenLenient" time="0"/>
  <testcase classname="com.google.gson.stream.JsonWriterTest" name="testRepeatedName" time="0"/>
  <testcase classname="com.google.gson.stream.JsonWriterTest" name="testTopLevelValueTypes" time="0"/>
  <testcase classname="com.google.gson.stream.JsonWriterTest" name="testClosedWriterThrowsOnStructure" time="0"/>
  <testcase classname="com.google.gson.stream.JsonWriterTest" name="testObjectsInArrays" time="0.001"/>
  <testcase classname="com.google.gson.stream.JsonWriterTest" name="testStrictWriterDoesNotPermitMultipleTopLevelValues" time="0"/>
  <testcase classname="com.google.gson.stream.JsonWriterTest" name="testJsonValue" time="0"/>
  <testcase classname="com.google.gson.stream.JsonWriterTest" name="testWriterCloseIsIdempotent" time="0"/>
  <testcase classname="com.google.gson.stream.JsonWriterTest" name="testLenientWriterPermitsMultipleTopLevelValues" time="0"/>
  <testcase classname="com.google.gson.stream.JsonWriterTest" name="testBadNestingObject" time="0"/>
  <testcase classname="com.google.gson.stream.JsonWriterTest" name="testPrettyPrintArray" time="0.001"/>
  <testcase classname="com.google.gson.stream.JsonWriterTest" name="testPrettyPrintObject" time="0"/>
  <testcase classname="com.google.gson.stream.JsonWriterTest" name="testValueWithoutName" time="0"/>
  <testcase classname="com.google.gson.stream.JsonWriterTest" name="testDeepNestingObjects" time="0"/>
  <testcase classname="com.google.gson.stream.JsonWriterTest" name="testEmptyObject" time="0"/>
  <testcase classname="com.google.gson.stream.JsonWriterTest" name="testBadNestingArray" time="0.001"/>
  <testcase classname="com.google.gson.stream.JsonWriterTest" name="testMultipleTopLevelValues" time="0"/>
  <testcase classname="com.google.gson.stream.JsonWriterTest" name="testNonFiniteDoubles" time="0"/>
  <testcase classname="com.google.gson.stream.JsonWriterTest" name="testNonFiniteBoxedDoubles" time="0"/>
  <testcase classname="com.google.gson.stream.JsonWriterTest" name="testClosedWriterThrowsOnFlush" time="0"/>
  <testcase classname="com.google.gson.stream.JsonWriterTest" name="testClosedWriterThrowsOnValue" time="0"/>
  <testcase classname="com.google.gson.stream.JsonWriterTest" name="testDoubles" time="0"/>
  <testcase classname="com.google.gson.stream.JsonWriterTest" name="testNonFiniteBoxedDoublesWhenLenient" time="0"/>
  <testcase classname="com.google.gson.stream.JsonWriterTest" name="testClosedWriterThrowsOnName" time="0"/>
  <testcase classname="com.google.gson.stream.JsonWriterTest" name="testNumbers" time="0"/>
  <testcase classname="com.google.gson.stream.JsonWriterTest" name="testStrings" time="0"/>
  <testcase classname="com.google.gson.stream.JsonWriterTest" name="testUnicodeLineBreaksEscaped" time="0"/>
</testsuite>