<?xml version="1.0" encoding="UTF-8" ?>
<testsuite tests="44" failures="0" name="com.google.gson.functional.ObjectTest" time="0.02" errors="0" skipped="0">
  <properties>
[...]
</properties>
  <testcase classname="com.google.gson.functional.ObjectTest" name="testClassWithTransientFieldsSerialization" time="0.001"/>
  <testcase classname="com.google.gson.functional.ObjectTest" name="testSingletonLists" time="0.003"/>
  <testcase classname="com.google.gson.functional.ObjectTest" name="testPrimitiveArrayInAnObjectDeserialization" time="0"/>
  <testcase classname="com.google.gson.functional.ObjectTest" name="testStringFieldWithEmptyValueDeserialization" time="0.001"/>
  <testcase classname="com.google.gson.functional.ObjectTest" name="testArrayOfArraysSerialization" time="0.002"/>
  <testcase classname="com.google.gson.functional.ObjectTest" name="testClassWithTransientFieldsDeserializationTransientFieldsPassedInJsonAreIgnored" time="0"/>
  <testcase classname="com.google.gson.functional.ObjectTest" name="testArrayOfObjectsDeserialization" time="0"/>
  <testcase classname="com.google.gson.functional.ObjectTest" name="testClassWithObjectFieldSerialization" time="0"/>
  <testcase classname="com.google.gson.functional.ObjectTest" name="testNullPrimitiveFieldsDeserialization" time="0"/>
  <testcase classname="com.google.gson.functional.ObjectTest" name="testPrivateNoArgConstructorDeserialization" time="0"/>
  <testcase classname="com.google.gson.functional.ObjectTest" name="testStringFieldWithEmptyValueSerialization" time="0"/>
  <testcase classname="com.google.gson.functional.ObjectTest" name="testJsonObjectSerialization" time="0"/>
  <testcase classname="com.google.gson.functional.ObjectTest" name="testBagOfPrimitiveWrappersDeserialization" time="0.002"/>
  <testcase classname="com.google.gson.functional.ObjectTest" name="testTruncatedDeserialization" time="0.001"/>
  <testcase classname="com.google.gson.functional.ObjectTest" name="testInnerClassSerialization" time="0.002"/>
  <testcase classname="com.google.gson.functional.ObjectTest" name="testBagOfPrimitivesDeserialization" time="0"/>
  <testcase classname="com.google.gson.functional.ObjectTest" name="testNullSerialization" time="0"/>
  <testcase classname="com.google.gson.functional.ObjectTest" name="testArrayOfObjectsAsFields" time="0.001"/>
  <testcase classname="com.google.gson.functional.ObjectTest" name="testEmptyStringDeserialization" time="0"/>
  <testcase classname="com.google.gson.functional.ObjectTest" name="testNullArraysDeserialization" time="0"/>
  <testcase classname="com.google.gson.functional.ObjectTest" name="testAnonymousLocalClassesSerialization" time="0.001"/>
  <testcase classname="com.google.gson.functional.ObjectTest" name="testClassWithTransientFieldsDeserialization" time="0"/>
  <testcase classname="com.google.gson.functional.ObjectTest" name="testAnonymousLocalClassesCustomSerialization" time="0.001"/>
  <testcase classname="com.google.gson.functional.ObjectTest" name="testArrayOfObjectsSerialization" time="0"/>
  <testcase classname="com.google.gson.functional.ObjectTest" name="testJsonInMixedQuotesDeserialization" time="0"/>
  <testcase classname="com.google.gson.functional.ObjectTest" name="testPrimitiveArrayFieldSerialization" time="0"/>
  <testcase classname="com.google.gson.functional.ObjectTest" name="testNestedSerialization" time="0.001"/>
  <testcase classname="com.google.gson.functional.ObjectTest" name="testClassWithNoFieldsSerialization" time="0"/>
  <testcase classname="com.google.gson.functional.ObjectTest" name="testObjectFieldNamesWithoutQuotesDeserialization" time="0"/>
  <testcase classname="com.google.gson.functional.ObjectTest" name="testEmptyCollectionInAnObjectSerialization" time="0.001"/>
  <testcase classname="com.google.gson.functional.ObjectTest" name="testStringFieldWithNumberValueDeserialization" time="0"/>
  <testcase classname="com.google.gson.functional.ObjectTest" name="testJsonInSingleQuotesDeserialization" time="0"/>
  <testcase classname="com.google.gson.functional.ObjectTest" name="testClassWithNoFieldsDeserialization" time="0"/>
  <testcase classname="com.google.gson.functional.ObjectTest" name="testNullDeserialization" time="0"/>
  <testcase classname="com.google.gson.functional.ObjectTest" name="testNullFieldsSerialization" time="0"/>
  <testcase classname="com.google.gson.functional.ObjectTest" name="testArrayOfArraysDeserialization" time="0.001"/>
  <testcase classname="com.google.gson.functional.ObjectTest" name="testBagOfPrimitiveWrappersSerialization" time="0"/>
  <testcase classname="com.google.gson.functional.ObjectTest" name="testDateAsMapObjectField" time="0.001"/>
  <testcase classname="com.google.gson.functional.ObjectTest" name="testNullFieldsDeserialization" time="0"/>
  <testcase classname="com.google.gson.functional.ObjectTest" name="testBagOfPrimitivesSerialization" time="0"/>
  <testcase classname="com.google.gson.functional.ObjectTest" name="testEmptyCollectionInAnObjectDeserialization" time="0"/>
  <testcase classname="com.google.gson.functional.ObjectTest" name="testNullObjectFieldsDeserialization" time="0"/>
  <testcase classname="com.google.gson.functional.ObjectTest" name="testNestedDeserialization" time="0.001"/>
  <testcase classname="com.google.gson.functional.ObjectTest" name="testInnerClassDeserialization" time="0"/>
</testsuite>