<?xml version="1.0" encoding="UTF-8" ?>
<testsuite tests="48" failures="0" name="com.google.gson.functional.MapTest" time="0.039" errors="0" skipped="0">
  <properties>
[...]
</properties>
  <testcase classname="com.google.gson.functional.MapTest" name="testMapDeserializationEmpty" time="0.002"/>
  <testcase classname="com.google.gson.functional.MapTest" name="testCustomSerializerForSpecificMapType" time="0.002"/>
  <testcase classname="com.google.gson.functional.MapTest" name="testMapSubclassDeserialization" time="0.006"/>
  <testcase classname="com.google.gson.functional.MapTest" name="testHashMapDeserialization" time="0.001"/>
  <testcase classname="com.google.gson.functional.MapTest" name="testMapDeserializationWithNullKey" time="0.001"/>
  <testcase classname="com.google.gson.functional.MapTest" name="testMapSubclassSerialization" time="0.001"/>
  <testcase classname="com.google.gson.functional.MapTest" name="testSerializeMaps" time="0"/>
  <testcase classname="com.google.gson.functional.MapTest" name="testMapDeserializationWithWildcardValues" time="0.001"/>
  <testcase classname="com.google.gson.functional.MapTest" name="testReadMapsWithEmptyStringKey" time="0.001"/>
  <testcase classname="com.google.gson.functional.MapTest" name="testMapSerializationWithIntegerKeys" time="0"/>
  <testcase classname="com.google.gson.functional.MapTest" name="testMapDeserializationWithDuplicateKeys" time="0.001"/>
  <testcase classname="com.google.gson.functional.MapTest" name="testParameterizedMapSubclassSerialization" time="0.001"/>
  <testcase classname="com.google.gson.functional.MapTest" name="testConcurrentMap" time="0.001"/>
  <testcase classname="com.google.gson.functional.MapTest" name="testMapDeserialization" time="0"/>
  <testcase classname="com.google.gson.functional.MapTest" name="testMapDeserializationWithUnquotedLongKeys" time="0.001"/>
  <testcase classname="com.google.gson.functional.MapTest" name="testMapSerializationWithNullValuesSerialized" time="0"/>
  <testcase classname="com.google.gson.functional.MapTest" name="testConcurrentHashMap" time="0"/>
  <testcase classname="com.google.gson.functional.MapTest" name="testMapStandardSubclassDeserialization" time="0.001"/>
  <testcase classname="com.google.gson.functional.MapTest" name="testMapDeserializationWithLongKeys" time="0"/>
  <testcase classname="com.google.gson.functional.MapTest" name="testBooleanKeyDeserialization" time="0.001"/>
  <testcase classname="com.google.gson.functional.MapTest" name="testDeerializeMapOfMaps" time="0"/>
  <testcase classname="com.google.gson.functional.MapTest" name="testMapDeserializationWithIntegerKeys" time="0.001"/>
  <testcase classname="com.google.gson.functional.MapTest" name="testMapWithQuotes" time="0"/>
  <testcase classname="com.google.gson.functional.MapTest" name="testConcurrentNavigableMap" time="0.002"/>
  <testcase classname="com.google.gson.functional.MapTest" name="testMapOfMapSerialization" time="0"/>
  <testcase classname="com.google.gson.functional.MapTest" name="testMapSerialization" time="0"/>
  <testcase classname="com.google.gson.functional.MapTest" name="testMapOfMapDeserialization" time="0.001"/>
  <testcase classname="com.google.gson.functional.MapTest" name="testComplexKeysDeserialization" time="0.001"/>
  <testcase classname="com.google.gson.functional.MapTest" name="testMapSerializationWithNullValue" time="0.001"/>
  <testcase classname="com.google.gson.functional.MapTest" name="testWriteMapsWithEmptyStringKey" time="0"/>
  <testcase classname="com.google.gson.functional.MapTest" name="testSortedMap" time="0.001"/>
  <testcase classname="com.google.gson.functional.MapTest" name="testInterfaceTypeMap" time="0.001"/>
  <testcase classname="com.google.gson.functional.MapTest" name="testMapSerializationWithWildcardValues" time="0.001"/>
  <testcase classname="com.google.gson.functional.MapTest" name="testMapSerializationWithNullValues" time="0"/>
  <testcase classname="com.google.gson.functional.MapTest" name="testConcurrentSkipListMap" time="0.001"/>
  <testcase classname="com.google.gson.functional.MapTest" name="testGeneralMapField" time="0.001"/>
  <testcase classname="com.google.gson.functional.MapTest" name="testMapSerializationWithNullValueButSerializeNulls" time="0.001"/>
  <testcase classname="com.google.gson.functional.MapTest" name="testRawMapSerialization" time="0"/>
  <testcase classname="com.google.gson.functional.MapTest" name="testMapDeserializationWithNullValue" time="0.001"/>
  <testcase classname="com.google.gson.functional.MapTest" name="testComplexKeysSerialization" time="0.001"/>
  <testcase classname="com.google.gson.functional.MapTest" name="testMapSerializationEmpty" time="0"/>
  <testcase classname="com.google.gson.functional.MapTest" name="testStringKeyDeserialization" time="0.001"/>
  <testcase classname="com.google.gson.functional.MapTest" name="testSerializeMapOfMaps" time="0"/>
  <testcase classname="com.google.gson.functional.MapTest" name="testMapDeserializationWithUnquotedIntegerKeys" time="0.001"/>
  <testcase classname="com.google.gson.functional.MapTest" name="testMapNamePromotionWithJsonElementReader" time="0"/>
  <testcase classname="com.google.gson.functional.MapTest" name="testNumberKeyDeserialization" time="0.001"/>
  <testcase classname="com.google.gson.functional.MapTest" name="testMapSerializationWithNullKey" time="0"/>
  <testcase classname="com.google.gson.functional.MapTest" name="testInterfaceTypeMapWithSerializer" time="0.001"/>
</testsuite>