<?xml version="1.0" encoding="UTF-8" ?>
<testsuite tests="4" failures="0" name="com.google.gson.JsonStreamParserTest" time="0" errors="0" skipped="0">
  <properties>
[...]
</properties>
  <testcase classname="com.google.gson.JsonStreamParserTest" name="testCallingNextBeyondAvailableInput" time="0"/>
  <testcase classname="com.google.gson.JsonStreamParserTest" name="testParseTwoStrings" time="0"/>
  <testcase classname="com.google.gson.JsonStreamParserTest" name="testNoSideEffectForHasNext" time="0"/>
  <testcase classname="com.google.gson.JsonStreamParserTest" name="testIterator" time="0"/>
</testsuite>