<?xml version="1.0" encoding="UTF-8" ?>
<testsuite tests="65" failures="0" name="com.google.gson.functional.DefaultTypeAdaptersTest" time="0.066" errors="0" skipped="0">
  <properties>
[...]
</properties>
  <testcase classname="com.google.gson.functional.DefaultTypeAdaptersTest" name="testDefaultDateDeserialization" time="0.04"/>
  <testcase classname="com.google.gson.functional.DefaultTypeAdaptersTest" name="testLocaleSerializationWithLanguageCountryVariant" time="0"/>
  <testcase classname="com.google.gson.functional.DefaultTypeAdaptersTest" name="testSqlDateSerialization" time="0.001"/>
  <testcase classname="com.google.gson.functional.DefaultTypeAdaptersTest" name="testUrlSerialization" time="0.003"/>
  <testcase classname="com.google.gson.functional.DefaultTypeAdaptersTest" name="testJsonObjectDeserialization" time="0"/>
  <testcase classname="com.google.gson.functional.DefaultTypeAdaptersTest" name="testBigIntegerFieldDeserialization" time="0.001"/>
  <testcase classname="com.google.gson.functional.DefaultTypeAdaptersTest" name="testBadValueForBigDecimalDeserialization" time="0.001"/>
  <testcase classname="com.google.gson.functional.DefaultTypeAdaptersTest" name="testJsonArraySerialization" time="0"/>
  <testcase classname="com.google.gson.functional.DefaultTypeAdaptersTest" name="testLocaleDeserializationWithLanguage" time="0"/>
  <testcase classname="com.google.gson.functional.DefaultTypeAdaptersTest" name="testDefaultJavaSqlTimeSerialization" time="0"/>
  <testcase classname="com.google.gson.functional.DefaultTypeAdaptersTest" name="testJsonPrimitiveSerialization" time="0"/>
  <testcase classname="com.google.gson.functional.DefaultTypeAdaptersTest" name="testStringBuilderDeserialization" time="0.001"/>
  <testcase classname="com.google.gson.functional.DefaultTypeAdaptersTest" name="testDateSerializationInCollection" time="0"/>
  <testcase classname="com.google.gson.functional.DefaultTypeAdaptersTest" name="testJsonArrayDeserialization" time="0.001"/>
  <testcase classname="com.google.gson.functional.DefaultTypeAdaptersTest" name="testTimestampSerialization" time="0"/>
  <testcase classname="com.google.gson.functional.DefaultTypeAdaptersTest" name="testStringBuilderSerialization" time="0"/>
  <testcase classname="com.google.gson.functional.DefaultTypeAdaptersTest" name="testUrlNullDeserialization" time="0.001"/>
  <testcase classname="com.google.gson.functional.DefaultTypeAdaptersTest" name="testUrlDeserialization" time="0"/>
  <testcase classname="com.google.gson.functional.DefaultTypeAdaptersTest" name="testJsonObjectSerialization" time="0"/>
  <testcase classname="com.google.gson.functional.DefaultTypeAdaptersTest" name="testDefaultJavaSqlTimestampDeserialization" time="0"/>
  <testcase classname="com.google.gson.functional.DefaultTypeAdaptersTest" name="testNullSerialization" time="0.002"/>
  <testcase classname="com.google.gson.functional.DefaultTypeAdaptersTest" name="testUuidDeserialization" time="0"/>
  <testcase classname="com.google.gson.functional.DefaultTypeAdaptersTest" name="testDefaultDateSerializationUsingBuilder" time="0.001"/>
  <testcase classname="com.google.gson.functional.DefaultTypeAdaptersTest" name="testBitSetSerialization" time="0"/>
  <testcase classname="com.google.gson.functional.DefaultTypeAdaptersTest" name="testDefaultJavaSqlTimestampSerialization" time="0"/>
  <testcase classname="com.google.gson.functional.DefaultTypeAdaptersTest" name="testDefaultDateSerialization" time="0.001"/>
  <testcase classname="com.google.gson.functional.DefaultTypeAdaptersTest" name="testTreeSetSerialization" time="0"/>
  <testcase classname="com.google.gson.functional.DefaultTypeAdaptersTest" name="testBigDecimalFieldDeserialization" time="0.001"/>
  <testcase classname="com.google.gson.functional.DefaultTypeAdaptersTest" name="testUriSerialization" time="0"/>
  <testcase classname="com.google.gson.functional.DefaultTypeAdaptersTest" name="testLocaleDeserializationWithLanguageCountryVariant" time="0"/>
  <testcase classname="com.google.gson.functional.DefaultTypeAdaptersTest" name="testUuidSerialization" time="0"/>
  <testcase classname="com.google.gson.functional.DefaultTypeAdaptersTest" name="testLocaleSerializationWithLanguage" time="0"/>
  <testcase classname="com.google.gson.functional.DefaultTypeAdaptersTest" name="testStringBufferDeserialization" time="0.001"/>
  <testcase classname="com.google.gson.functional.DefaultTypeAdaptersTest" name="testDefaultGregorianCalendarSerialization" time="0"/>
  <testcase classname="com.google.gson.functional.DefaultTypeAdaptersTest" name="testLocaleDeserializationWithLanguageCountry" time="0"/>
  <testcase classname="com.google.gson.functional.DefaultTypeAdaptersTest" name="testJsonElementTypeMismatch" time="0.001"/>
  <testcase classname="com.google.gson.functional.DefaultTypeAdaptersTest" name="testBigDecimalFieldSerialization" time="0"/>
  <testcase classname="com.google.gson.functional.DefaultTypeAdaptersTest" name="testOverrideBigIntegerTypeAdapter" time="0.001"/>
  <testcase classname="com.google.gson.functional.DefaultTypeAdaptersTest" name="testDefaultCalendarSerialization" time="0"/>
  <testcase classname="com.google.gson.functional.DefaultTypeAdaptersTest" name="testBitSetDeserialization" time="0"/>
  <testcase classname="com.google.gson.functional.DefaultTypeAdaptersTest" name="testJsonNullDeserialization" time="0"/>
  <testcase classname="com.google.gson.functional.DefaultTypeAdaptersTest" name="testDefaultJavaSqlDateSerialization" time="0"/>
  <testcase classname="com.google.gson.functional.DefaultTypeAdaptersTest" name="testTreeSetDeserialization" time="0"/>
  <testcase classname="com.google.gson.functional.DefaultTypeAdaptersTest" name="testUriDeserialization" time="0"/>
  <testcase classname="com.google.gson.functional.DefaultTypeAdaptersTest" name="testOverrideBigDecimalTypeAdapter" time="0.001"/>
  <testcase classname="com.google.gson.functional.DefaultTypeAdaptersTest" name="testPropertiesDeserialization" time="0"/>
  <testcase classname="com.google.gson.functional.DefaultTypeAdaptersTest" name="testJsonNullSerialization" time="0"/>
  <testcase classname="com.google.gson.functional.DefaultTypeAdaptersTest" name="testPropertiesSerialization" time="0"/>
  <testcase classname="com.google.gson.functional.DefaultTypeAdaptersTest" name="testClassDeserialization" time="0.001"/>
  <testcase classname="com.google.gson.functional.DefaultTypeAdaptersTest" name="testDateSerializationWithPattern" time="0"/>
  <testcase classname="com.google.gson.functional.DefaultTypeAdaptersTest" name="testSetSerialization" time="0"/>
  <testcase classname="com.google.gson.functional.DefaultTypeAdaptersTest" name="testDefaultJavaSqlTimeDeserialization" time="0.001"/>
  <testcase classname="com.google.gson.functional.DefaultTypeAdaptersTest" name="testUrlNullSerialization" time="0"/>
  <testcase classname="com.google.gson.functional.DefaultTypeAdaptersTest" name="testDateDeserializationWithPattern" time="0"/>
  <testcase classname="com.google.gson.functional.DefaultTypeAdaptersTest" name="testLocaleSerializationWithLanguageCountry" time="0"/>
  <testcase classname="com.google.gson.functional.DefaultTypeAdaptersTest" name="testDefaultDateDeserializationUsingBuilder" time="0.004"/>
  <testcase classname="com.google.gson.functional.DefaultTypeAdaptersTest" name="testClassSerialization" time="0.001"/>
  <testcase classname="com.google.gson.functional.DefaultTypeAdaptersTest" name="testBigIntegerFieldSerialization" time="0"/>
  <testcase classname="com.google.gson.functional.DefaultTypeAdaptersTest" name="testDefaultCalendarDeserialization" time="0"/>
  <testcase classname="com.google.gson.functional.DefaultTypeAdaptersTest" name="testDefaultGregorianCalendarDeserialization" time="0"/>
  <testcase classname="com.google.gson.functional.DefaultTypeAdaptersTest" name="testDateSerializationWithPatternNotOverridenByTypeAdapter" time="0.001"/>
  <testcase classname="com.google.gson.functional.DefaultTypeAdaptersTest" name="testNullJsonElementSerialization" time="0"/>
  <testcase classname="com.google.gson.functional.DefaultTypeAdaptersTest" name="testJsonPrimitiveDeserialization" time="0"/>
  <testcase classname="com.google.gson.functional.DefaultTypeAdaptersTest" name="testStringBufferSerialization" time="0"/>
  <testcase classname="com.google.gson.functional.DefaultTypeAdaptersTest" name="testDefaultJavaSqlDateDeserialization" time="0"/>
</testsuite>