<?xml version="1.0" encoding="UTF-8" standalone="yes"?><!DOCTYPE report PUBLIC "-//JACOCO//DTD Report 1.1//EN" "report.dtd"><report name="dummy-project"><sessioninfo id="Cesar-PC-be9975eb" start="1587069708957" dump="1587069709312"/><sessioninfo id="Cesar-PC-fa830b8c" start="1587069728224" dump="1587069728551"/><package name="org/apache/commons/collections4/map"><class name="org/apache/commons/collections4/map/CompositeMap$MapMutator" sourcefilename="CompositeMap.java"/><class name="org/apache/commons/collections4/map/PassiveExpiringMap$ExpirationPolicy" sourcefilename="PassiveExpiringMap.java"/><sourcefile name="CompositeMap.java"/><sourcefile name="PassiveExpiringMap.java"/></package><package name="reflection"><class name="reflection/ConcreteClass$ConcreteClassPublicInterface" sourcefilename="ConcreteClass.java"/><class name="reflection/BaseInterface" sourcefilename="BaseInterface.java"><method name="&lt;clinit&gt;" desc="()V"><counter type="INSTRUCTION" missed="3" covered="0"/><counter type="COMPLEXITY" missed="1" covered="0"/><counter type="METHOD" missed="1" covered="0"/></method><counter type="INSTRUCTION" missed="3" covered="0"/><counter type="COMPLEXITY" missed="1" covered="0"/><counter type="METHOD" missed="1" covered="0"/><counter type="CLASS" missed="1" covered="0"/></class><sourcefile name="ConcreteClass.java"/><sourcefile name="BaseInterface.java"><counter type="INSTRUCTION" missed="3" covered="0"/><counter type="COMPLEXITY" missed="1" covered="0"/><counter type="METHOD" missed="1" covered="0"/><counter type="CLASS" missed="1" covered="0"/></sourcefile><counter type="INSTRUCTION" missed="3" covered="0"/><counter type="COMPLEXITY" missed="1" covered="0"/><counter type="METHOD" missed="1" covered="0"/><counter type="CLASS" missed="1" covered="0"/></package><package name="org/apache/commons/collections4/set"><class name="org/apache/commons/collections4/set/CompositeSet$SetMutator" sourcefilename="CompositeSet.java"/><sourcefile name="CompositeSet.java"/></package><package name="org/apache/commons/collections4/collection"><class name="org/apache/commons/collections4/collection/CompositeCollection$CollectionMutator" sourcefilename="CompositeCollection.java"/><sourcefile name="CompositeCollection.java"/></package><package name="org/apache/commons/collections4"><class name="org/apache/commons/collections4/Transformer" sourcefilename="Transformer.java"/><class name="org/apache/commons/collections4/Factory" sourcefilename="Factory.java"/><class name="org/apache/commons/collections4/Closure" sourcefilename="Closure.java"/><class name="org/apache/commons/collections4/MultiSet$Entry" sourcefilename="MultiSet.java"/><class name="org/apache/commons/collections4/BidiMap" sourcefilename="BidiMap.java"/><class name="org/apache/commons/collections4/ResettableIterator" sourcefilename="ResettableIterator.java"/><class name="org/apache/commons/collections4/OrderedIterator" sourcefilename="OrderedIterator.java"/><class name="org/apache/commons/collections4/MultiSet" sourcefilename="MultiSet.java"/><class name="org/apache/commons/collections4/Put" sourcefilename="Put.java"/><class name="org/apache/commons/collections4/MultiMap" sourcefilename="MultiMap.java"/><class name="org/apache/commons/collections4/Bag" sourcefilename="Bag.java"/><class name="org/apache/commons/collections4/SortedBidiMap" sourcefilename="SortedBidiMap.java"/><class name="org/apache/commons/collections4/IterableSortedMap" sourcefilename="IterableSortedMap.java"/><class name="org/apache/commons/collections4/Predicate" sourcefilename="Predicate.java"/><class name="org/apache/commons/collections4/OrderedBidiMap" sourcefilename="OrderedBidiMap.java"/><class name="org/apache/commons/collections4/MapIterator" sourcefilename="MapIterator.java"/><class name="org/apache/commons/collections4/BoundedMap" sourcefilename="BoundedMap.java"/><class name="org/apache/commons/collections4/IterableMap" sourcefilename="IterableMap.java"/><class name="org/apache/commons/collections4/MultiValuedMap" sourcefilename="MultiValuedMap.java"/><class name="org/apache/commons/collections4/ResettableListIterator" sourcefilename="ResettableListIterator.java"/><class name="org/apache/commons/collections4/FunctorException" sourcefilename="FunctorException.java"><method name="&lt;init&gt;" desc="()V" line="35"><counter type="INSTRUCTION" missed="3" covered="0"/><counter type="LINE" missed="2" covered="0"/><counter type="COMPLEXITY" missed="1" covered="0"/><counter type="METHOD" missed="1" covered="0"/></method><method name="&lt;init&gt;" desc="(Ljava/lang/String;)V" line="45"><counter type="INSTRUCTION" missed="4" covered="0"/><counter type="LINE" missed="2" covered="0"/><counter type="COMPLEXITY" missed="1" covered="0"/><counter type="METHOD" missed="1" covered="0"/></method><method name="&lt;init&gt;" desc="(Ljava/lang/Throwable;)V" line="56"><counter type="INSTRUCTION" missed="4" covered="0"/><counter type="LINE" missed="2" covered="0"/><counter type="COMPLEXITY" missed="1" covered="0"/><counter type="METHOD" missed="1" covered="0"/></method><method name="&lt;init&gt;" desc="(Ljava/lang/String;Ljava/lang/Throwable;)V" line="68"><counter type="INSTRUCTION" missed="5" covered="0"/><counter type="LINE" missed="2" covered="0"/><counter type="COMPLEXITY" missed="1" covered="0"/><counter type="METHOD" missed="1" covered="0"/></method><method name="&lt;clinit&gt;" desc="()V"><counter type="INSTRUCTION" missed="3" covered="0"/><counter type="COMPLEXITY" missed="1" covered="0"/><counter type="METHOD" missed="1" covered="0"/></method><counter type="INSTRUCTION" missed="19" covered="0"/><counter type="LINE" missed="8" covered="0"/><counter type="COMPLEXITY" missed="5" covered="0"/><counter type="METHOD" missed="5" covered="0"/><counter type="CLASS" missed="1" covered="0"/></class><class name="org/apache/commons/collections4/IterableGet" sourcefilename="IterableGet.java"/><class name="org/apache/commons/collections4/Trie" sourcefilename="Trie.java"/><class name="org/apache/commons/collections4/Get" sourcefilename="Get.java"/><class name="org/apache/commons/collections4/KeyValue" sourcefilename="KeyValue.java"/><class name="org/apache/commons/collections4/BoundedCollection" sourcefilename="BoundedCollection.java"/><class name="org/apache/commons/collections4/Equator" sourcefilename="Equator.java"/><class name="org/apache/commons/collections4/OrderedMapIterator" sourcefilename="OrderedMapIterator.java"/><class name="org/apache/commons/collections4/ListValuedMap" sourcefilename="ListValuedMap.java"/><class name="org/apache/commons/collections4/OrderedMap" sourcefilename="OrderedMap.java"/><class name="org/apache/commons/collections4/SetValuedMap" sourcefilename="SetValuedMap.java"/><class name="org/apache/commons/collections4/Unmodifiable" sourcefilename="Unmodifiable.java"/><class name="org/apache/commons/collections4/SortedBag" sourcefilename="SortedBag.java"/><sourcefile name="ResettableIterator.java"/><sourcefile name="Equator.java"/><sourcefile name="ResettableListIterator.java"/><sourcefile name="MultiSet.java"/><sourcefile name="MultiMap.java"/><sourcefile name="MapIterator.java"/><sourcefile name="BoundedCollection.java"/><sourcefile name="Closure.java"/><sourcefile name="OrderedMapIterator.java"/><sourcefile name="Get.java"/><sourcefile name="Bag.java"/><sourcefile name="IterableSortedMap.java"/><sourcefile name="Transformer.java"/><sourcefile name="SetValuedMap.java"/><sourcefile name="FunctorException.java"><line nr="35" mi="2" ci="0" mb="0" cb="0"/><line nr="36" mi="1" ci="0" mb="0" cb="0"/><line nr="45" mi="3" ci="0" mb="0" cb="0"/><line nr="46" mi="1" ci="0" mb="0" cb="0"/><line nr="56" mi="3" ci="0" mb="0" cb="0"/><line nr="57" mi="1" ci="0" mb="0" cb="0"/><line nr="68" mi="4" ci="0" mb="0" cb="0"/><line nr="69" mi="1" ci="0" mb="0" cb="0"/><counter type="INSTRUCTION" missed="19" covered="0"/><counter type="LINE" missed="8" covered="0"/><counter type="COMPLEXITY" missed="5" covered="0"/><counter type="METHOD" missed="5" covered="0"/><counter type="CLASS" missed="1" covered="0"/></sourcefile><sourcefile name="OrderedBidiMap.java"/><sourcefile name="Trie.java"/><sourcefile name="IterableGet.java"/><sourcefile name="KeyValue.java"/><sourcefile name="Unmodifiable.java"/><sourcefile name="Put.java"/><sourcefile name="BoundedMap.java"/><sourcefile name="Factory.java"/><sourcefile name="OrderedMap.java"/><sourcefile name="BidiMap.java"/><sourcefile name="OrderedIterator.java"/><sourcefile name="ListValuedMap.java"/><sourcefile name="MultiValuedMap.java"/><sourcefile name="IterableMap.java"/><sourcefile name="Predicate.java"/><sourcefile name="SortedBidiMap.java"/><sourcefile name="SortedBag.java"/><counter type="INSTRUCTION" missed="19" covered="0"/><counter type="LINE" missed="8" covered="0"/><counter type="COMPLEXITY" missed="5" covered="0"/><counter type="METHOD" missed="5" covered="0"/><counter type="CLASS" missed="1" covered="0"/></package><package name="annotations"><class name="annotations/JsonElement" sourcefilename="JsonElement.java"/><class name="annotations/Init" sourcefilename="Init.java"/><class name="annotations/ObjectToJsonConverter" sourcefilename="ObjectToJsonConverter.java"><method name="&lt;init&gt;" desc="()V" line="11"><counter type="INSTRUCTION" missed="0" covered="3"/><counter type="LINE" missed="0" covered="1"/><counter type="COMPLEXITY" missed="0" covered="1"/><counter type="METHOD" missed="0" covered="1"/></method><method name="convertToJson" desc="(Ljava/lang/Object;)Ljava/lang/String;" line="17"><counter type="INSTRUCTION" missed="7" covered="10"/><counter type="LINE" missed="2" covered="3"/><counter type="COMPLEXITY" missed="0" covered="1"/><counter type="METHOD" missed="0" covered="1"/></method><method name="checkIfSerializable" desc="(Ljava/lang/Object;)V" line="28"><counter type="INSTRUCTION" missed="20" covered="11"/><counter type="BRANCH" missed="1" covered="3"/><counter type="LINE" missed="2" covered="4"/><counter type="COMPLEXITY" missed="1" covered="2"/><counter type="METHOD" missed="0" covered="1"/></method><method name="initializeObject" desc="(Ljava/lang/Object;)V" line="40"><counter type="INSTRUCTION" missed="0" covered="34"/><counter type="BRANCH" missed="0" covered="4"/><counter type="LINE" missed="0" covered="6"/><counter type="COMPLEXITY" missed="0" covered="3"/><counter type="METHOD" missed="0" covered="1"/></method><method name="getJsonString" desc="(Ljava/lang/Object;)Ljava/lang/String;" line="51"><counter type="INSTRUCTION" missed="0" covered="62"/><counter type="BRANCH" missed="0" covered="4"/><counter type="LINE" missed="0" covered="11"/><counter type="COMPLEXITY" missed="0" covered="3"/><counter type="METHOD" missed="0" covered="1"/></method><method name="getKey" desc="(Ljava/lang/reflect/Field;)Ljava/lang/String;" line="69"><counter type="INSTRUCTION" missed="0" covered="14"/><counter type="BRANCH" missed="0" covered="2"/><counter type="LINE" missed="0" covered="3"/><counter type="COMPLEXITY" missed="0" covered="2"/><counter type="METHOD" missed="0" covered="1"/></method><method name="lambda$getJsonString$0" desc="(Ljava/util/Map$Entry;)Ljava/lang/String;" line="62"><counter type="INSTRUCTION" missed="0" covered="19"/><counter type="LINE" missed="0" covered="1"/><counter type="COMPLEXITY" missed="0" covered="1"/><counter type="METHOD" missed="0" covered="1"/></method><counter type="INSTRUCTION" missed="27" covered="153"/><counter type="BRANCH" missed="1" covered="13"/><counter type="LINE" missed="4" covered="28"/><counter type="COMPLEXITY" missed="1" covered="13"/><counter type="METHOD" missed="0" covered="7"/><counter type="CLASS" missed="0" covered="1"/></class><class name="annotations/JsonSerializable" sourcefilename="JsonSerializable.java"/><class name="annotations/Person"><method name="&lt;init&gt;" desc="(Ljava/lang/String;Ljava/lang/String;)V"><counter type="INSTRUCTION" missed="4" covered="0"/><counter type="COMPLEXITY" missed="1" covered="0"/><counter type="METHOD" missed="1" covered="0"/></method><method name="&lt;init&gt;" desc="(Ljava/lang/String;Ljava/lang/String;Ljava/lang/String;)V" line="23"><counter type="INSTRUCTION" missed="0" covered="12"/><counter type="LINE" missed="0" covered="5"/><counter type="COMPLEXITY" missed="0" covered="1"/><counter type="METHOD" missed="0" covered="1"/></method><method name="initNames" desc="()V" line="32"><counter type="INSTRUCTION" missed="0" covered="37"/><counter type="LINE" missed="0" covered="5"/><counter type="COMPLEXITY" missed="0" covered="1"/><counter type="METHOD" missed="0" covered="1"/></method><method name="getFirstName" desc="()Ljava/lang/String;"><counter type="INSTRUCTION" missed="4" covered="0"/><counter type="COMPLEXITY" missed="1" covered="0"/><counter type="METHOD" missed="1" covered="0"/></method><method name="setFirstName" desc="(Ljava/lang/String;)V"><counter type="INSTRUCTION" missed="4" covered="0"/><counter type="COMPLEXITY" missed="1" covered="0"/><counter type="METHOD" missed="1" covered="0"/></method><method name="getLastName" desc="()Ljava/lang/String;"><counter type="INSTRUCTION" missed="4" covered="0"/><counter type="COMPLEXITY" missed="1" covered="0"/><counter type="METHOD" missed="1" covered="0"/></method><method name="setLastName" desc="(Ljava/lang/String;)V"><counter type="INSTRUCTION" missed="4" covered="0"/><counter type="COMPLEXITY" missed="1" covered="0"/><counter type="METHOD" missed="1" covered="0"/></method><method name="getAge" desc="()Ljava/lang/String;"><counter type="INSTRUCTION" missed="4" covered="0"/><counter type="COMPLEXITY" missed="1" covered="0"/><counter type="METHOD" missed="1" covered="0"/></method><method name="setAge" desc="(Ljava/lang/String;)V"><counter type="INSTRUCTION" missed="4" covered="0"/><counter type="COMPLEXITY" missed="1" covered="0"/><counter type="METHOD" missed="1" covered="0"/></method><method name="getAddress" desc="()Ljava/lang/String;"><counter type="INSTRUCTION" missed="4" covered="0"/><counter type="COMPLEXITY" missed="1" covered="0"/><counter type="METHOD" missed="1" covered="0"/></method><method name="setAddress" desc="(Ljava/lang/String;)V"><counter type="INSTRUCTION" missed="4" covered="0"/><counter type="COMPLEXITY" missed="1" covered="0"/><counter type="METHOD" missed="1" covered="0"/></method><counter type="INSTRUCTION" missed="36" covered="49"/><counter type="LINE" missed="0" covered="10"/><counter type="COMPLEXITY" missed="9" covered="2"/><counter type="METHOD" missed="9" covered="2"/><counter type="CLASS" missed="0" covered="1"/></class><class name="annotations/JsonSerializationException" sourcefilename="JsonSerializationException.java"><method name="&lt;init&gt;" desc="(Ljava/lang/String;)V" line="8"><counter type="INSTRUCTION" missed="4" covered="0"/><counter type="LINE" missed="2" covered="0"/><counter type="COMPLEXITY" missed="1" covered="0"/><counter type="METHOD" missed="1" covered="0"/></method><method name="&lt;clinit&gt;" desc="()V"><counter type="INSTRUCTION" missed="3" covered="0"/><counter type="COMPLEXITY" missed="1" covered="0"/><counter type="METHOD" missed="1" covered="0"/></method><counter type="INSTRUCTION" missed="7" covered="0"/><counter type="LINE" missed="2" covered="0"/><counter type="COMPLEXITY" missed="2" covered="0"/><counter type="METHOD" missed="2" covered="0"/><counter type="CLASS" missed="1" covered="0"/></class><sourcefile name="JsonSerializable.java"/><sourcefile name="JsonSerializationException.java"><line nr="8" mi="3" ci="0" mb="0" cb="0"/><line nr="9" mi="1" ci="0" mb="0" cb="0"/><counter type="INSTRUCTION" missed="7" covered="0"/><counter type="LINE" missed="2" covered="0"/><counter type="COMPLEXITY" missed="2" covered="0"/><counter type="METHOD" missed="2" covered="0"/><counter type="CLASS" missed="1" covered="0"/></sourcefile><sourcefile name="JsonElement.java"/><sourcefile name="ObjectToJsonConverter.java"><line nr="11" mi="0" ci="3" mb="0" cb="0"/><line nr="17" mi="0" ci="3" mb="0" cb="0"/><line nr="18" mi="0" ci="3" mb="0" cb="0"/><line nr="19" mi="0" ci="4" mb="0" cb="0"/><line nr="21" mi="1" ci="0" mb="0" cb="0"/><line nr="22" mi="6" ci="0" mb="0" cb="0"/><line nr="28" mi="0" ci="3" mb="1" cb="1"/><line nr="29" mi="5" ci="0" mb="0" cb="0"/><line nr="32" mi="0" ci="3" mb="0" cb="0"/><line nr="33" mi="0" ci="4" mb="0" cb="2"/><line nr="34" mi="15" ci="0" mb="0" cb="0"/><line nr="36" mi="0" ci="1" mb="0" cb="0"/><line nr="40" mi="0" ci="3" mb="0" cb="0"/><line nr="41" mi="0" ci="17" mb="0" cb="2"/><line nr="42" mi="0" ci="4" mb="0" cb="2"/><line nr="43" mi="0" ci="3" mb="0" cb="0"/><line nr="44" mi="0" ci="6" mb="0" cb="0"/><line nr="47" mi="0" ci="1" mb="0" cb="0"/><line nr="51" mi="0" ci="3" mb="0" cb="0"/><line nr="52" mi="0" ci="4" mb="0" cb="0"/><line nr="53" mi="0" ci="17" mb="0" cb="2"/><line nr="54" mi="0" ci="3" mb="0" cb="0"/><line nr="55" mi="0" ci="4" mb="0" cb="2"/><line nr="56" mi="0" ci="10" mb="0" cb="0"/><line nr="60" mi="0" ci="2" mb="0" cb="0"/><line nr="61" mi="0" ci="2" mb="0" cb="0"/><line nr="62" mi="0" ci="21" mb="0" cb="0"/><line nr="63" mi="0" ci="4" mb="0" cb="0"/><line nr="64" mi="0" ci="11" mb="0" cb="0"/><line nr="69" mi="0" ci="4" mb="0" cb="0"/><line nr="70" mi="0" ci="2" mb="0" cb="0"/><line nr="71" mi="0" ci="8" mb="0" cb="2"/><counter type="INSTRUCTION" missed="27" covered="153"/><counter type="BRANCH" missed="1" covered="13"/><counter type="LINE" missed="4" covered="28"/><counter type="COMPLEXITY" missed="1" covered="13"/><counter type="METHOD" missed="0" covered="7"/><counter type="CLASS" missed="0" covered="1"/></sourcefile><sourcefile name="Init.java"/><counter type="INSTRUCTION" missed="70" covered="202"/><counter type="BRANCH" missed="1" covered="13"/><counter type="LINE" missed="6" covered="38"/><counter type="COMPLEXITY" missed="12" covered="15"/><counter type="METHOD" missed="11" covered="9"/><counter type="CLASS" missed="1" covered="2"/></package><package name="bag"><class name="bag/BagClass"><method name="&lt;init&gt;" desc="()V" line="6"><counter type="INSTRUCTION" missed="0" covered="3"/><counter type="LINE" missed="0" covered="1"/><counter type="COMPLEXITY" missed="0" covered="1"/><counter type="METHOD" missed="0" covered="1"/></method><method name="main" desc="()V" line="9"><counter type="INSTRUCTION" missed="0" covered="34"/><counter type="LINE" missed="0" covered="7"/><counter type="COMPLEXITY" missed="0" covered="1"/><counter type="METHOD" missed="0" covered="1"/></method><counter type="INSTRUCTION" missed="0" covered="37"/><counter type="LINE" missed="0" covered="8"/><counter type="COMPLEXITY" missed="0" covered="2"/><counter type="METHOD" missed="0" covered="2"/><counter type="CLASS" missed="0" covered="1"/></class><counter type="INSTRUCTION" missed="0" covered="37"/><counter type="LINE" missed="0" covered="8"/><counter type="COMPLEXITY" missed="0" covered="2"/><counter type="METHOD" missed="0" covered="2"/><counter type="CLASS" missed="0" covered="1"/></package><package name="org/apache/commons/collections4/sequence"><class name="org/apache/commons/collections4/sequence/CommandVisitor" sourcefilename="CommandVisitor.java"/><class name="org/apache/commons/collections4/sequence/ReplacementsHandler" sourcefilename="ReplacementsHandler.java"/><sourcefile name="CommandVisitor.java"/><sourcefile name="ReplacementsHandler.java"/></package><package name="calc"><class name="calc/CalculatorInt" sourcefilename="CalculatorInt.java"/><class name="calc/CalculatorB"><method name="&lt;init&gt;" desc="()V" line="3"><counter type="INSTRUCTION" missed="0" covered="3"/><counter type="LINE" missed="0" covered="1"/><counter type="COMPLEXITY" missed="0" covered="1"/><counter type="METHOD" missed="0" covered="1"/></method><counter type="INSTRUCTION" missed="0" covered="3"/><counter type="LINE" missed="0" covered="1"/><counter type="COMPLEXITY" missed="0" covered="1"/><counter type="METHOD" missed="0" covered="1"/><counter type="CLASS" missed="0" covered="1"/></class><class name="calc/CalcAnnotation" sourcefilename="CalcAnnotation.java"/><class name="calc/Calculator"><method name="&lt;init&gt;" desc="(II)V" line="8"><counter type="INSTRUCTION" missed="0" covered="9"/><counter type="LINE" missed="0" covered="4"/><counter type="COMPLEXITY" missed="0" covered="1"/><counter type="METHOD" missed="0" covered="1"/></method><method name="sum" desc="()I" line="15"><counter type="INSTRUCTION" missed="0" covered="6"/><counter type="LINE" missed="0" covered="1"/><counter type="COMPLEXITY" missed="0" covered="1"/><counter type="METHOD" missed="0" covered="1"/></method><method name="sub" desc="()I"><counter type="INSTRUCTION" missed="4" covered="0"/><counter type="COMPLEXITY" missed="1" covered="0"/><counter type="METHOD" missed="1" covered="0"/></method><method name="mul" desc="()I"><counter type="INSTRUCTION" missed="4" covered="0"/><counter type="COMPLEXITY" missed="1" covered="0"/><counter type="METHOD" missed="1" covered="0"/></method><method name="other" desc="()I" line="29"><counter type="INSTRUCTION" missed="0" covered="2"/><counter type="LINE" missed="0" covered="1"/><counter type="COMPLEXITY" missed="0" covered="1"/><counter type="METHOD" missed="0" covered="1"/></method><counter type="INSTRUCTION" missed="8" covered="17"/><counter type="LINE" missed="0" covered="6"/><counter type="COMPLEXITY" missed="2" covered="3"/><counter type="METHOD" missed="2" covered="3"/><counter type="CLASS" missed="0" covered="1"/></class><sourcefile name="CalcAnnotation.java"/><sourcefile name="CalculatorInt.java"/><counter type="INSTRUCTION" missed="8" covered="20"/><counter type="LINE" missed="0" covered="7"/><counter type="COMPLEXITY" missed="2" covered="4"/><counter type="METHOD" missed="2" covered="4"/><counter type="CLASS" missed="0" covered="2"/></package><package name="org/apache/commons/collections4/functors"><class name="org/apache/commons/collections4/functors/PredicateDecorator" sourcefilename="PredicateDecorator.java"/><sourcefile name="PredicateDecorator.java"/></package><counter type="INSTRUCTION" missed="100" covered="259"/><counter type="BRANCH" missed="1" covered="13"/><counter type="LINE" missed="14" covered="53"/><counter type="COMPLEXITY" missed="20" covered="21"/><counter type="METHOD" missed="19" covered="15"/><counter type="CLASS" missed="3" covered="5"/></report>
