<?xml version="1.0" encoding="UTF-8" ?>
<testsuite tests="9" failures="0" name="org.apache.commons.cli.OptionsTest" time="0.003" errors="0" skipped="0">
  <properties>
[...]
</properties>
  <testcase classname="org.apache.commons.cli.OptionsTest" name="testSimple" time="0"/>
  <testcase classname="org.apache.commons.cli.OptionsTest" name="testDuplicateSimple" time="0"/>
  <testcase classname="org.apache.commons.cli.OptionsTest" name="testLong" time="0"/>
  <testcase classname="org.apache.commons.cli.OptionsTest" name="testDuplicateLong" time="0"/>
  <testcase classname="org.apache.commons.cli.OptionsTest" name="testHelpOptions" time="0"/>
  <testcase classname="org.apache.commons.cli.OptionsTest" name="testMissingOptionException" time="0"/>
  <testcase classname="org.apache.commons.cli.OptionsTest" name="testMissingOptionsException" time="0"/>
  <testcase classname="org.apache.commons.cli.OptionsTest" name="testToString" time="0"/>
  <testcase classname="org.apache.commons.cli.OptionsTest" name="testGetOptionsGroups" time="0"/>
</testsuite>
