<?xml version="1.0" encoding="UTF-8" ?>
<testsuite tests="9" failures="0" name="org.apache.commons.cli.OptionBuilderTest" time="0.005" errors="0" skipped="0">
  <properties>
[...]
</properties>
  <testcase classname="org.apache.commons.cli.OptionBuilderTest" name="testCompleteOption" time="0"/>
  <testcase classname="org.apache.commons.cli.OptionBuilderTest" name="testTwoCompleteOptions" time="0"/>
  <testcase classname="org.apache.commons.cli.OptionBuilderTest" name="testBaseOptionCharOpt" time="0.001"/>
  <testcase classname="org.apache.commons.cli.OptionBuilderTest" name="testBaseOptionStringOpt" time="0"/>
  <testcase classname="org.apache.commons.cli.OptionBuilderTest" name="testSpecialOptChars" time="0"/>
  <testcase classname="org.apache.commons.cli.OptionBuilderTest" name="testOptionArgNumbers" time="0"/>
  <testcase classname="org.apache.commons.cli.OptionBuilderTest" name="testIllegalOptions" time="0"/>
  <testcase classname="org.apache.commons.cli.OptionBuilderTest" name="testCreateIncompleteOption" time="0"/>
  <testcase classname="org.apache.commons.cli.OptionBuilderTest" name="testBuilderIsResettedAlways" time="0"/>
</testsuite>