<?xml version="1.0" encoding="UTF-8" ?>
<testsuite tests="19" failures="0" name="org.apache.commons.cli.BasicParserTest" time="0.005" errors="0" skipped="0">
  <properties>
[...]
</properties>
  <testcase classname="org.apache.commons.cli.BasicParserTest" name="testShortWithoutEqual" time="0"/>
  <testcase classname="org.apache.commons.cli.BasicParserTest" name="testLongWithEqual" time="0"/>
  <testcase classname="org.apache.commons.cli.BasicParserTest" name="testPropertiesOption" time="0.001"/>
  <testcase classname="org.apache.commons.cli.BasicParserTest" name="testLongWithEqualSingleDash" time="0"/>
  <testcase classname="org.apache.commons.cli.BasicParserTest" name="testShortWithEqual" time="0"/>
  <testcase classname="org.apache.commons.cli.BasicParserTest" name="testSimpleShort" time="0"/>
  <testcase classname="org.apache.commons.cli.BasicParserTest" name="testSimpleLong" time="0"/>
  <testcase classname="org.apache.commons.cli.BasicParserTest" name="testMultiple" time="0"/>
  <testcase classname="org.apache.commons.cli.BasicParserTest" name="testMultipleWithLong" time="0"/>
  <testcase classname="org.apache.commons.cli.BasicParserTest" name="testUnrecognizedOption" time="0"/>
  <testcase classname="org.apache.commons.cli.BasicParserTest" name="testMissingArg" time="0"/>
  <testcase classname="org.apache.commons.cli.BasicParserTest" name="testDoubleDash" time="0"/>
  <testcase classname="org.apache.commons.cli.BasicParserTest" name="testSingleDash" time="0"/>
  <testcase classname="org.apache.commons.cli.BasicParserTest" name="testStopAtUnexpectedArg" time="0"/>
  <testcase classname="org.apache.commons.cli.BasicParserTest" name="testStopAtExpectedArg" time="0"/>
  <testcase classname="org.apache.commons.cli.BasicParserTest" name="testStopAtNonOptionShort" time="0.001"/>
  <testcase classname="org.apache.commons.cli.BasicParserTest" name="testStopAtNonOptionLong" time="0"/>
  <testcase classname="org.apache.commons.cli.BasicParserTest" name="testNegativeArgument" time="0"/>
  <testcase classname="org.apache.commons.cli.BasicParserTest" name="testArgumentStartingWithHyphen" time="0"/>
</testsuite>
